2019/09/09 08:32:55 INFO  - jmeter.util.JMeterUtils: Setting Locale to en_US 
2019/09/09 08:32:55 INFO  - jmeter.JMeter: Loading user properties from: /opt/apache-jmeter-3.0/bin/user.properties 
2019/09/09 08:32:55 INFO  - jmeter.JMeter: Loading system properties from: /opt/apache-jmeter-3.0/bin/system.properties 
2019/09/09 08:32:55 INFO  - jmeter.JMeter: Setting JMeter property: ACCOUNTS.csv=/root/zm-load-testing/tests/BSP/standard/zsoap/users.csv 
2019/09/09 08:32:55 INFO  - jmeter.JMeter: Setting JMeter property: user.classpath=/root/zm-load-testing/src/build/jar/zjmeter.jar 
2019/09/09 08:32:55 INFO  - jmeter.JMeter: Copyright (c) 1998-2016 The Apache Software Foundation 
2019/09/09 08:32:55 INFO  - jmeter.JMeter: Version 3.0 r1743807 
2019/09/09 08:32:55 INFO  - jmeter.JMeter: java.version=1.8.0_222 
2019/09/09 08:32:55 INFO  - jmeter.JMeter: java.vm.name=OpenJDK 64-Bit Server VM 
2019/09/09 08:32:55 INFO  - jmeter.JMeter: os.name=Linux 
2019/09/09 08:32:55 INFO  - jmeter.JMeter: os.arch=amd64 
2019/09/09 08:32:55 INFO  - jmeter.JMeter: os.version=4.4.0-1092-aws 
2019/09/09 08:32:55 INFO  - jmeter.JMeter: file.encoding=UTF-8 
2019/09/09 08:32:55 INFO  - jmeter.JMeter: Max memory     =14671151104 
2019/09/09 08:32:55 INFO  - jmeter.JMeter: Available Processors =16 
2019/09/09 08:32:55 INFO  - jmeter.JMeter: Default Locale=English (United States) 
2019/09/09 08:32:55 INFO  - jmeter.JMeter: JMeter  Locale=English (United States) 
2019/09/09 08:32:55 INFO  - jmeter.JMeter: JMeterHome=/opt/apache-jmeter-3.0 
2019/09/09 08:32:55 INFO  - jmeter.JMeter: user.dir  =/opt/apache-jmeter-3.0/bin 
2019/09/09 08:32:55 INFO  - jmeter.JMeter: PWD       =/opt/apache-jmeter-3.0/bin 
2019/09/09 08:32:55 INFO  - jmeter.JMeter: IP: 172.31.23.218 Name: ip-172-31-23-218 FullName: ip-172-31-23-218.ap-south-1.compute.internal 
2019/09/09 08:32:55 INFO  - jmeter.JMeter: user.classpath=/root/zm-load-testing/src/build/jar/zjmeter.jar 
2019/09/09 08:32:55 INFO  - jmeter.JMeter: Adding to classpath and loader: /root/zm-load-testing/src/build/jar/zjmeter.jar 
2019/09/09 08:32:55 INFO  - jmeter.services.FileServer: Default base='/opt/apache-jmeter-3.0/bin' 
2019/09/09 08:32:55 INFO  - jmeter.services.FileServer: Set new base='/root/zm-load-testing/tests/BSP/standard/zsoap' 
2019/09/09 08:32:55 INFO  - jmeter.save.SaveService: Testplan (JMX) version: 2.2. Testlog (JTL) version: 2.2 
2019/09/09 08:32:55 INFO  - jmeter.save.SaveService: Using SaveService properties file encoding UTF-8 
2019/09/09 08:32:55 INFO  - jmeter.save.SaveService: Using SaveService properties version 2.9 
2019/09/09 08:32:55 INFO  - jmeter.save.SaveService: All converter versions present and correct 
2019/09/09 08:32:55 INFO  - jmeter.save.SaveService: Loading file: /root/zm-load-testing/tests/BSP/standard/zsoap/zsoap.jmx 
2019/09/09 08:32:55 INFO  - jmeter.protocol.http.control.CookieManager: Settings: Delete null: true Check: true Allow variable: true Save: false Prefix: COOKIE_ 
2019/09/09 08:32:55 INFO  - jmeter.protocol.http.sampler.HTTPSamplerBase: Parser for text/html is org.apache.jmeter.protocol.http.parser.LagartoBasedHtmlParser 
2019/09/09 08:32:55 INFO  - jmeter.protocol.http.sampler.HTTPSamplerBase: Parser for application/xhtml+xml is org.apache.jmeter.protocol.http.parser.LagartoBasedHtmlParser 
2019/09/09 08:32:55 INFO  - jmeter.protocol.http.sampler.HTTPSamplerBase: Parser for application/xml is org.apache.jmeter.protocol.http.parser.LagartoBasedHtmlParser 
2019/09/09 08:32:55 INFO  - jmeter.protocol.http.sampler.HTTPSamplerBase: Parser for text/xml is org.apache.jmeter.protocol.http.parser.LagartoBasedHtmlParser 
2019/09/09 08:32:55 INFO  - jmeter.protocol.http.sampler.HTTPSamplerBase: Parser for text/vnd.wap.wml is org.apache.jmeter.protocol.http.parser.RegexpHTMLParser 
2019/09/09 08:32:55 INFO  - jmeter.protocol.http.sampler.HTTPSamplerBase: Parser for text/css is org.apache.jmeter.protocol.http.parser.CssParser 
2019/09/09 08:32:55 INFO  - jmeter.JMeter: Creating summariser <summary> 
2019/09/09 08:32:55 INFO  - jmeter.engine.StandardJMeterEngine: Running the test! 
2019/09/09 08:32:55 INFO  - jmeter.samplers.SampleEvent: List of sample_variables: [] 
2019/09/09 08:32:55 INFO  - jmeter.samplers.SampleEvent: List of sample_variables: [] 
2019/09/09 08:32:55 INFO  - jmeter.engine.util.CompoundVariable: Note: Function class names must contain the string: '.functions.' 
2019/09/09 08:32:55 INFO  - jmeter.engine.util.CompoundVariable: Note: Function class names must not contain the string: '.gui.' 
2019/09/09 08:32:56 INFO  - jmeter.JMeter: Running test (1568017976119) 
2019/09/09 08:32:56 INFO  - jmeter.engine.StandardJMeterEngine: Starting ThreadGroup: 1 : ZSOAP User 
2019/09/09 08:32:56 INFO  - jmeter.engine.StandardJMeterEngine: Starting 10 threads for group ZSOAP User. 
2019/09/09 08:32:56 INFO  - jmeter.engine.StandardJMeterEngine: Thread will continue on error 
2019/09/09 08:32:56 INFO  - jmeter.threads.ThreadGroup: Starting thread group number 1 threads 10 ramp-up 0 perThread 0.0 delayedStart=false 
2019/09/09 08:32:56 INFO  - jmeter.samplers.SampleResult: Note: Sample TimeStamps are START times 
2019/09/09 08:32:56 INFO  - jmeter.samplers.SampleResult: sampleresult.default.encoding is set to ISO-8859-1 
2019/09/09 08:32:56 INFO  - jmeter.samplers.SampleResult: sampleresult.useNanoTime=true 
2019/09/09 08:32:56 INFO  - jmeter.samplers.SampleResult: sampleresult.nanoThreadSleep=5000 
2019/09/09 08:32:56 INFO  - jmeter.threads.ThreadGroup: Started thread group number 1 
2019/09/09 08:32:56 INFO  - jmeter.engine.StandardJMeterEngine: All thread groups have been started 
2019/09/09 08:33:01 INFO  - jmeter.threads.JMeterThread: Thread started: ZSOAP User 1-8 
2019/09/09 08:33:01 INFO  - jmeter.threads.JMeterThread: Thread started: ZSOAP User 1-7 
2019/09/09 08:33:01 INFO  - jmeter.threads.JMeterThread: Thread started: ZSOAP User 1-2 
2019/09/09 08:33:01 INFO  - jmeter.threads.JMeterThread: Thread started: ZSOAP User 1-3 
2019/09/09 08:33:01 INFO  - jmeter.threads.JMeterThread: Thread started: ZSOAP User 1-10 
2019/09/09 08:33:01 INFO  - jmeter.threads.JMeterThread: Thread started: ZSOAP User 1-1 
2019/09/09 08:33:01 INFO  - jmeter.threads.JMeterThread: Thread started: ZSOAP User 1-5 
2019/09/09 08:33:01 INFO  - jmeter.threads.JMeterThread: Thread started: ZSOAP User 1-4 
2019/09/09 08:33:01 INFO  - jmeter.threads.JMeterThread: Thread started: ZSOAP User 1-9 
2019/09/09 08:33:01 INFO  - jmeter.threads.JMeterThread: Thread started: ZSOAP User 1-6 
2019/09/09 08:33:01 INFO  - jmeter.services.FileServer: Stored: /root/zm-load-testing/tests/BSP/standard/zsoap/users.csv 
2019/09/09 08:33:01 INFO  - jmeter.reporters.Summariser: summary +      1 in 00:00:05 =    0.2/s Avg:    59 Min:    59 Max:    59 Err:     0 (0.00%) Active: 10 Started: 10 Finished: 0 
2019/09/09 08:33:01 INFO  - jmeter.util.BeanShellTestElement: https://localhost:31443/service/soap 
2019/09/09 08:33:01 INFO  - jmeter.util.BeanShellTestElement: https://localhost:31443/service/soap 
2019/09/09 08:33:01 INFO  - jmeter.util.BeanShellTestElement: https://localhost:31443/service/soap 
2019/09/09 08:33:01 INFO  - jmeter.util.BeanShellTestElement: https://localhost:31443/service/soap 
2019/09/09 08:33:01 INFO  - jmeter.util.BeanShellTestElement: https://localhost:31443/service/soap 
2019/09/09 08:33:01 INFO  - jmeter.util.BeanShellTestElement: https://localhost:31443/service/soap 
2019/09/09 08:33:01 INFO  - jmeter.util.BeanShellTestElement: https://localhost:31443/service/soap 
2019/09/09 08:33:01 INFO  - jmeter.util.BeanShellTestElement: https://localhost:31443/service/soap 
2019/09/09 08:33:01 INFO  - jmeter.util.BeanShellTestElement: https://localhost:31443/service/soap 
2019/09/09 08:33:01 INFO  - jmeter.util.BeanShellTestElement: https://localhost:31443/service/soap 
2019/09/09 08:33:03 INFO  - jmeter.protocol.http.sampler.HTTPJavaImpl: Maximum connection retries = 0 
2019/09/09 08:33:03 INFO  - jmeter.util.JsseSSLManager: Using default SSL protocol: TLS 
2019/09/09 08:33:03 INFO  - jmeter.util.JsseSSLManager: SSL session context: per-thread 
2019/09/09 08:33:03 INFO  - jmeter.util.SSLManager: JmeterKeyStore Location:  type JKS 
2019/09/09 08:33:03 INFO  - jmeter.util.SSLManager: KeyStore created OK 
2019/09/09 08:33:03 WARN  - jmeter.util.SSLManager: Keystore file not found, loading empty keystore 
2019/09/09 08:33:30 INFO  - jmeter.reporters.Summariser: summary +    510 in 00:00:29 =   17.4/s Avg:    47 Min:     0 Max:   553 Err:     0 (0.00%) Active: 10 Started: 10 Finished: 0 
2019/09/09 08:33:30 INFO  - jmeter.reporters.Summariser: summary =    511 in 00:00:35 =   14.8/s Avg:    47 Min:     0 Max:   553 Err:     0 (0.00%) 
